<?xml version="1.0" encoding="UTF-8"?>
<!-- Generated by org.testng.reporters.JUnitReportReporter -->
<testsuite hostname="CO-IT01454" name="test.TravelocityHomePageTest" tests="1" failures="1" timestamp="16 Nov 2017 23:09:13 GMT" time="0.008" errors="0">
  <testcase name="BuscarVuelo" time="0.008" classname="test.TravelocityHomePageTest">
    <failure type="org.testng.TestNGException" message="
Parameter &#039;browser&#039; is required by @Configuration on method beforeSuite but has not been marked @Optional or defined
in C:\Users\cristian.moyano\AppData\Local\Temp\testng-eclipse-1387399748\testng-customsuite.xml">
      <![CDATA[org.testng.TestNGException: 
Parameter 'browser' is required by @Configuration on method beforeSuite but has not been marked @Optional or defined
in C:\Users\cristian.moyano\AppData\Local\Temp\testng-eclipse-1387399748\testng-customsuite.xml
	at org.testng.internal.Parameters.createParameters(Parameters.java:155)
	at org.testng.internal.Parameters.createParameters(Parameters.java:355)
	at org.testng.internal.Parameters.createConfigurationParameters(Parameters.java:86)
	at org.testng.internal.Invoker.invokeConfigurations(Invoker.java:199)
	at org.testng.internal.Invoker.invokeConfigurations(Invoker.java:138)
	at org.testng.SuiteRunner.privateRun(SuiteRunner.java:277)
	at org.testng.SuiteRunner.run(SuiteRunner.java:240)
	at org.testng.SuiteRunnerWorker.runSuite(SuiteRunnerWorker.java:52)
	at org.testng.SuiteRunnerWorker.run(SuiteRunnerWorker.java:86)
	at org.testng.TestNG.runSuitesSequentially(TestNG.java:1198)
	at org.testng.TestNG.runSuitesLocally(TestNG.java:1123)
	at org.testng.TestNG.run(TestNG.java:1031)
	at org.testng.remote.AbstractRemoteTestNG.run(AbstractRemoteTestNG.java:114)
	at org.testng.remote.RemoteTestNG.initAndRun(RemoteTestNG.java:251)
	at org.testng.remote.RemoteTestNG.main(RemoteTestNG.java:77)
]]>
    </failure>
  </testcase> <!-- BuscarVuelo -->
</testsuite> <!-- test.TravelocityHomePageTest -->
